[22:38:57] Log Session Open
[22:38:57] LaunchPad version v1.70
[22:38:57] Command Line: "C:\Program Files (x86)\Sony\Station\LaunchPad\LaunchPad.exe" 
[22:38:57] ---------------------------------------
[22:38:57] System Date is: 05/08/2017 10:38:57pm
[22:38:57] 
[22:38:57] 
[22:38:57] LaunchPad Checksum: 1626141355, Location: C:\Program Files (x86)\Sony\Station\LaunchPad\LaunchPad.exe
[22:38:57] ---------------------------------------
[22:38:57] Args: 
[22:38:57] Loading internet type
[22:38:57] Initializing Self-Patcher
[22:38:57] Patcher: Checking Old Handles...
[22:38:57] Patcher: Creating Thread...
[22:38:57] Patcher: Done with Thread Creation Routine...
[22:38:57] Patcher: Thread Start
[22:38:57] Patcher: Memory Download Internet Type 0 Begin...
[22:38:57] Patcher: Initializing Get
[22:38:57] Patcher: Get Initialized
[22:38:57] Patcher: InternetOpen()...
[22:38:57] Patcher: InternetCrackURL()...
[22:38:57] Patcher: InternetConnect()...
[22:38:57] Patcher: HttpOpenRequest()...
[22:38:57] Patcher: HttpSendRequest()...
[22:39:00] Patcher: Http get error 28: HttpSendRequest() failed: 12007

[22:39:00] Patcher: Memory Download of XML Operation Complete.
[22:39:00] Patcher: Memory Download Internet Type 0 Unsuccessful.
[22:39:00] Patcher: Memory Download Internet Type 1 Begin...
[22:39:00] Patcher: Initializing Get
[22:39:00] Patcher: Get Initialized
[22:39:00] Patcher: InternetOpen()...
[22:39:00] Patcher: Http get error 21: InternetOpen() failed: 87

[22:39:00] Patcher: Memory Download of XML Operation Complete.
[22:39:00] Patcher: Memory Download Internet Type 1 Unsuccessful.
[22:39:00] Patcher: Memory Download Internet Type 2 Begin...
[22:39:00] Patcher: Initializing Get
[22:39:00] Patcher: Get Initialized
[22:39:00] Patcher: InternetOpen()...
[22:39:00] Patcher: InternetCrackURL()...
[22:39:00] Patcher: InternetConnect()...
[22:39:00] Patcher: HttpOpenRequest()...
[22:39:00] Patcher: HttpSendRequest()...
[22:39:00] Patcher: Http get error 28: HttpSendRequest() failed: 12007

[22:39:00] Patcher: Memory Download of XML Operation Complete.
[22:39:00] Patcher: Memory Download Internet Type 2 Unsuccessful.
[22:39:00] Patcher: Memory Download Internet Type 3 Begin...
[22:39:00] Patcher: Initializing Get
[22:39:00] Patcher: Get Initialized
[22:39:00] Patcher: InternetOpen()...
[22:39:00] Patcher: InternetCrackURL()...
[22:39:00] Patcher: InternetConnect()...
[22:39:00] Patcher: HttpOpenRequest()...
[22:39:00] Patcher: HttpSendRequest()...
[22:39:01] Patcher: Http get error 28: HttpSendRequest() failed: 12007

[22:39:01] Patcher: Memory Download of XML Operation Complete.
[22:39:01] Patcher: Memory Download Internet Type 3 Unsuccessful.
[22:39:01] Patcher: Memory Download Operation Failed.
[22:39:01] Patcher: Thread Finish
[22:39:01] Patcher initialized, initiating self-patch...
[22:39:01] Scanning Files...
[22:39:01] GameName [LaunchPad]: Checking for update
[22:39:01] Game Update Up to Date.
[22:39:01] Done updating self
[22:39:02] Log Session Closed
